<?xml version="1.0" encoding="UTF-8"?>
<!-- Generated by org.testng.reporters.JUnitReportReporter -->
<testsuite skipped="0" hostname="GirishN3-msd1" name="com.tests.categoriesAPITest" tests="4" failures="0" timestamp="20 Feb 2020 16:39:26 GMT" time="2.507" errors="0">
  <testcase name="createNewcategory" time="2.068" classname="com.tests.categoriesAPITest"/>
  <testcase name="getNewCategory" time="0.053" classname="com.tests.categoriesAPITest"/>
  <testcase name="updateNewCategory" time="0.147" classname="com.tests.categoriesAPITest"/>
  <testcase name="deleteNewProduct" time="0.239" classname="com.tests.categoriesAPITest"/>
</testsuite> <!-- com.tests.categoriesAPITest -->
